Arguments: 
  /home/shiven/.local/share/umake/nodejs/nodejs-lang/bin/node /home/shiven/.npm_modules/bin/yarn client-dev

PATH: 
  /home/shiven/Desktop/webdev/qr-fileshare/node_modules/.bin:/home/shiven/.config/yarn/link/node_modules/.bin:/home/shiven/Desktop/webdev/qr-fileshare/node_modules/.bin:/home/shiven/.config/yarn/link/node_modules/.bin:/home/shiven/.local/share/umake/nodejs/nodejs-lang/libexec/lib/node_modules/npm/bin/node-gyp-bin:/home/shiven/.local/share/umake/nodejs/nodejs-lang/lib/node_modules/npm/bin/node-gyp-bin:/home/shiven/.local/share/umake/nodejs/nodejs-lang/bin/node_modules/npm/bin/node-gyp-bin:/home/shiven/.local/share/umake/nodejs/nodejs-lang/bin:/home/shiven/.npm_modules/bin:/home/shiven/.local/share/umake/bin:/home/shiven/bin:/home/shiven/.local/bin:/home/shiven/.local/share/umake/nodejs/nodejs-lang/bin:/home/shiven/.npm_modules/bin:/home/shiven/.local/share/umake/bin:/home/shiven/bin:/home/shiven/.local/bin:/usr/local/sbin:/usr/local/bin:/usr/sbin:/usr/bin:/sbin:/bin:/usr/games:/usr/local/games:/snap/bin:/bin:/home/shiven/go/bin:/bin:/home/shiven/go/bin

Yarn version: 
  1.5.1

Node version: 
  9.7.1

Platform: 
  linux x64

npm manifest: 
  {
    "name": "qr-fileshare",
    "version": "0.0.1",
    "description": "",
    "main": "index.js",
    "scripts": {
      "test": "echo \"Error: no test specified\" && exit 1",
      "client-dev": "cd client && yarn start -o",
      "server-dev": "nodemon --ignore 'client/'",
      "dev": "concurrently --kill-others-on-fail \"yarn client-dev\" \"yarn server-dev\""
    },
    "author": "Shiven Sinha",
    "license": "ISC",
    "dependencies": {
      "console-png": "^1.2.1",
      "express": "^4.16.3",
      "multer": "^1.3.0",
      "opn": "^5.3.0",
      "qr-image": "^3.2.0"
    },
    "devDependencies": {
      "concurrently": "^3.5.1"
    }
  }

yarn manifest: 
  No manifest

Lockfile: 
  No lockfile

Trace: 
  Error: Command failed.
  Exit signal: SIGHUP
  Command: sh
  Arguments: -c cd client && yarn start -o
  Directory: /home/shiven/Desktop/webdev/qr-fileshare
  Output:
  
      at ProcessTermError.MessageError (/home/shiven/.npm_modules/lib/node_modules/yarn/lib/cli.js:186:110)
      at new ProcessTermError (/home/shiven/.npm_modules/lib/node_modules/yarn/lib/cli.js:226:113)
      at ChildProcess.<anonymous> (/home/shiven/.npm_modules/lib/node_modules/yarn/lib/cli.js:30281:17)
      at ChildProcess.emit (events.js:127:13)
      at maybeClose (internal/child_process.js:936:16)
      at Process.ChildProcess._handle.onexit (internal/child_process.js:220:5)
